2022-06-30 15:37:40.368 [JavaFX Application Thread] INFO  Controllers.ClientSender - Отправка команды серверу
2022-06-30 15:37:40.372 [JavaFX Application Thread] INFO  Controllers.ClientReceiver - Клиент получает сообщение: 
2022-06-30 15:38:04.688 [JavaFX Application Thread] INFO  Controllers.ClientSender - Отправка команды серверу
2022-06-30 15:38:04.688 [JavaFX Application Thread] INFO  Controllers.ClientReceiver - Клиент получает сообщение: 
2022-06-30 15:38:19.958 [JavaFX Application Thread] INFO  Controllers.ClientSender - Отправка команды серверу
2022-06-30 15:38:19.959 [JavaFX Application Thread] INFO  Controllers.ClientReceiver - Клиент получает сообщение: 
2022-06-30 15:38:23.961 [JavaFX Application Thread] INFO  Controllers.ClientSender - Отправка команды серверу
2022-06-30 15:38:23.961 [JavaFX Application Thread] INFO  Controllers.ClientReceiver - Клиент получает сообщение: 
2022-06-30 15:37:40.383 [ForkJoinPool-1-worker-1] INFO  ServerReceiver - Пришло сообщение от клиента: 
2022-06-30 15:37:40.390 [pool-3-thread-1] INFO  CollectionManager - Попытка пользователя авторизироваться
2022-06-30 15:37:40.401 [pool-3-thread-1] INFO  database.DBAuthorize - Пользователь  успешно вошел в систему
2022-06-30 15:38:04.695 [ForkJoinPool-1-worker-2] INFO  ServerReceiver - Пришло сообщение от клиента: 
2022-06-30 15:38:04.769 [pool-4-thread-1] INFO  CollectionManager - Команда add успешно выполнена!
2022-06-30 15:38:19.961 [ForkJoinPool-1-worker-2] INFO  ServerReceiver - Пришло сообщение от клиента: 
2022-06-30 15:38:20.064 [pool-5-thread-1] INFO  CollectionManager - Команда remove_by_id успешно выполнена!
2022-06-30 15:38:23.961 [ForkJoinPool-1-worker-2] INFO  ServerReceiver - Пришло сообщение от клиента: 
2022-06-30 15:38:23.984 [pool-6-thread-1] INFO  CollectionManager - Команда remove_by_id успешно выполнена!
2022-06-30 16:11:28.315 [ForkJoinPool-1-worker-1] INFO  ServerReceiver - Пришло сообщение от клиента: 
2022-06-30 16:11:28.321 [pool-3-thread-1] INFO  CollectionManager - Попытка пользователя авторизироваться
2022-06-30 16:11:28.396 [pool-3-thread-1] INFO  database.DBAuthorize - Пользователь valik успешно зарегистрировался в системе
2022-06-30 16:17:51.706 [JavaFX Application Thread] INFO  Controllers.ClientSender - Отправка команды серверу
2022-06-30 16:17:51.711 [JavaFX Application Thread] INFO  Controllers.ClientReceiver - Клиент получает сообщение: 
2022-06-30 16:18:23.549 [JavaFX Application Thread] INFO  Controllers.ClientSender - Отправка команды серверу
2022-06-30 16:18:23.550 [JavaFX Application Thread] INFO  Controllers.ClientReceiver - Клиент получает сообщение: 
2022-06-30 16:11:28.300 [JavaFX Application Thread] INFO  Controllers.ClientSender - Отправка команды серверу
2022-06-30 16:11:28.304 [JavaFX Application Thread] INFO  Controllers.ClientReceiver - Клиент получает сообщение: 
2022-06-30 16:12:16.740 [JavaFX Application Thread] INFO  Controllers.ClientSender - Отправка команды серверу
2022-06-30 16:12:16.741 [JavaFX Application Thread] INFO  Controllers.ClientReceiver - Клиент получает сообщение: 
2022-06-30 16:12:24.020 [JavaFX Application Thread] INFO  Controllers.ClientSender - Отправка команды серверу
2022-06-30 16:12:24.020 [JavaFX Application Thread] INFO  Controllers.ClientReceiver - Клиент получает сообщение: 
2022-06-30 16:13:43.618 [JavaFX Application Thread] INFO  Controllers.ClientSender - Отправка команды серверу
2022-06-30 16:13:43.619 [JavaFX Application Thread] INFO  Controllers.ClientReceiver - Клиент получает сообщение: 
2022-06-30 16:14:40.788 [JavaFX Application Thread] INFO  Controllers.ClientSender - Отправка команды серверу
2022-06-30 16:14:40.788 [JavaFX Application Thread] INFO  Controllers.ClientReceiver - Клиент получает сообщение: 
2022-06-30 16:16:11.060 [JavaFX Application Thread] INFO  Controllers.ClientSender - Отправка команды серверу
2022-06-30 16:16:11.060 [JavaFX Application Thread] INFO  Controllers.ClientReceiver - Клиент получает сообщение: 
2022-06-30 16:19:33.786 [JavaFX Application Thread] INFO  Controllers.ClientSender - Отправка команды серверу
2022-06-30 16:19:33.786 [JavaFX Application Thread] INFO  Controllers.ClientReceiver - Клиент получает сообщение: 
2022-06-30 16:13:43.644 [ForkJoinPool-1-worker-1] INFO  ServerReceiver - Пришло сообщение от клиента: 
2022-06-30 16:13:43.673 [pool-3-thread-1] INFO  CollectionManager - Команда remove_by_id успешно выполнена!
2022-06-30 16:14:40.797 [ForkJoinPool-1-worker-2] INFO  ServerReceiver - Пришло сообщение от клиента: 
2022-06-30 16:14:40.883 [pool-4-thread-1] INFO  CollectionManager - Команда add успешно выполнена!
2022-06-30 16:16:11.064 [ForkJoinPool-1-worker-3] INFO  ServerReceiver - Пришло сообщение от клиента: 
2022-06-30 16:16:11.176 [pool-5-thread-1] INFO  CollectionManager - Команда update успешно выполнена!
2022-06-30 16:17:51.703 [ForkJoinPool-1-worker-4] INFO  ServerReceiver - Пришло сообщение от клиента: 
2022-06-30 16:17:51.704 [pool-6-thread-1] INFO  CollectionManager - Попытка пользователя авторизироваться
2022-06-30 16:17:51.712 [pool-6-thread-1] INFO  database.DBAuthorize - Пользователь maxlap71 успешно вошел в систему
2022-06-30 16:18:23.551 [ForkJoinPool-1-worker-5] INFO  ServerReceiver - Пришло сообщение от клиента: 
2022-06-30 16:18:23.677 [pool-7-thread-1] INFO  CollectionManager - Команда add успешно выполнена!
2022-06-30 16:19:33.787 [ForkJoinPool-1-worker-6] INFO  ServerReceiver - Пришло сообщение от клиента: 
2022-06-30 16:19:33.788 [pool-8-thread-1] INFO  CollectionManager - Попытка пользователя авторизироваться
