2022-06-27 18:50:17.759 [JavaFX Application Thread] INFO  Controllers.ClientSender - Отправка команды серверу
2022-06-27 18:50:17.763 [JavaFX Application Thread] INFO  Controllers.ClientReceiver - Клиент получает сообщение: 
2022-06-27 18:50:17.775 [ForkJoinPool-1-worker-1] INFO  ServerReceiver - Пришло сообщение от клиента: 
2022-06-27 18:50:17.781 [pool-3-thread-1] INFO  CollectionManager - Попытка пользователя авторизироваться
2022-06-27 18:50:17.794 [pool-3-thread-1] INFO  database.DBAuthorize - Пользователь  успешно вошел в систему
2022-06-27 19:10:01.328 [ForkJoinPool-1-worker-2] INFO  ServerReceiver - Пришло сообщение от клиента: 
2022-06-27 19:10:01.329 [pool-4-thread-1] INFO  CollectionManager - Попытка пользователя авторизироваться
2022-06-27 19:10:14.108 [pool-4-thread-1] ERROR database.DBAuthorize - Проблемы с базой данных
2022-06-27 19:10:01.331 [JavaFX Application Thread] INFO  Controllers.ClientSender - Отправка команды серверу
2022-06-27 19:10:01.335 [JavaFX Application Thread] INFO  Controllers.ClientReceiver - Клиент получает сообщение: 
2022-06-27 19:10:29.931 [JavaFX Application Thread] INFO  Controllers.ClientSender - Отправка команды серверу
2022-06-27 19:10:29.932 [JavaFX Application Thread] INFO  Controllers.ClientReceiver - Клиент получает сообщение: 
2022-06-27 19:10:43.196 [JavaFX Application Thread] INFO  Controllers.ClientSender - Отправка команды серверу
2022-06-27 19:10:43.197 [JavaFX Application Thread] INFO  Controllers.ClientReceiver - Клиент получает сообщение: 
2022-06-27 19:10:29.949 [ForkJoinPool-1-worker-1] INFO  ServerReceiver - Пришло сообщение от клиента: 
2022-06-27 19:10:29.956 [pool-3-thread-1] INFO  CollectionManager - Попытка пользователя авторизироваться
2022-06-27 19:10:29.969 [pool-3-thread-1] INFO  database.DBAuthorize - Пользователь  успешно вошел в систему
2022-06-27 19:10:43.197 [ForkJoinPool-1-worker-1] INFO  ServerReceiver - Пришло сообщение от клиента: 
2022-06-27 19:10:43.198 [pool-4-thread-1] INFO  CollectionManager - Попытка пользователя авторизироваться
2022-06-27 19:10:43.203 [pool-4-thread-1] INFO  database.DBAuthorize - Пользователь  успешно вошел в систему
2022-06-27 19:11:44.699 [ForkJoinPool-1-worker-2] INFO  ServerReceiver - Пришло сообщение от клиента: 
2022-06-27 19:11:44.700 [pool-5-thread-1] INFO  CollectionManager - Попытка пользователя авторизироваться
2022-06-27 19:11:44.707 [pool-5-thread-1] INFO  database.DBAuthorize - Пользователь  успешно вошел в систему
2022-06-27 19:11:51.026 [ForkJoinPool-1-worker-2] INFO  ServerReceiver - Пришло сообщение от клиента: 
2022-06-27 19:11:51.027 [pool-6-thread-1] INFO  CollectionManager - Попытка пользователя авторизироваться
2022-06-27 19:11:51.032 [pool-6-thread-1] INFO  database.DBAuthorize - Пользователь  успешно вошел в систему
2022-06-27 19:11:56.696 [ForkJoinPool-1-worker-2] INFO  ServerReceiver - Пришло сообщение от клиента: 
2022-06-27 19:11:56.697 [pool-7-thread-1] INFO  CollectionManager - Попытка пользователя авторизироваться
2022-06-27 19:11:56.702 [pool-7-thread-1] INFO  database.DBAuthorize - Пользователь maxlap71 успешно вошел в систему
2022-06-27 19:11:44.703 [JavaFX Application Thread] INFO  Controllers.ClientSender - Отправка команды серверу
2022-06-27 19:11:44.707 [JavaFX Application Thread] INFO  Controllers.ClientReceiver - Клиент получает сообщение: 
2022-06-27 19:11:51.025 [JavaFX Application Thread] INFO  Controllers.ClientSender - Отправка команды серверу
2022-06-27 19:11:51.026 [JavaFX Application Thread] INFO  Controllers.ClientReceiver - Клиент получает сообщение: 
2022-06-27 19:11:56.695 [JavaFX Application Thread] INFO  Controllers.ClientSender - Отправка команды серверу
2022-06-27 19:11:56.696 [JavaFX Application Thread] INFO  Controllers.ClientReceiver - Клиент получает сообщение: 
2022-06-27 19:22:39.360 [JavaFX Application Thread] INFO  Controllers.ClientSender - Отправка команды серверу
2022-06-27 19:22:39.365 [JavaFX Application Thread] INFO  Controllers.ClientReceiver - Клиент получает сообщение: 
2022-06-27 19:22:50.180 [JavaFX Application Thread] INFO  Controllers.ClientSender - Отправка команды серверу
2022-06-27 19:22:50.180 [JavaFX Application Thread] INFO  Controllers.ClientReceiver - Клиент получает сообщение: 
2022-06-27 19:23:27.176 [JavaFX Application Thread] INFO  Controllers.ClientSender - Отправка команды серверу
2022-06-27 19:23:27.176 [JavaFX Application Thread] INFO  Controllers.ClientReceiver - Клиент получает сообщение: 
2022-06-27 19:25:27.836 [JavaFX Application Thread] INFO  Controllers.ClientSender - Отправка команды серверу
2022-06-27 19:25:27.841 [JavaFX Application Thread] INFO  Controllers.ClientReceiver - Клиент получает сообщение: 
2022-06-27 19:22:39.376 [ForkJoinPool-1-worker-1] INFO  ServerReceiver - Пришло сообщение от клиента: 
2022-06-27 19:22:39.382 [pool-3-thread-1] INFO  CollectionManager - Попытка пользователя авторизироваться
2022-06-27 19:22:39.392 [pool-3-thread-1] INFO  database.DBAuthorize - Пользователь  успешно вошел в систему
2022-06-27 19:22:50.181 [ForkJoinPool-1-worker-1] INFO  ServerReceiver - Пришло сообщение от клиента: 
2022-06-27 19:22:50.182 [pool-4-thread-1] INFO  CollectionManager - Попытка пользователя авторизироваться
2022-06-27 19:22:50.187 [pool-4-thread-1] INFO  database.DBAuthorize - Пользователь  успешно вошел в систему
2022-06-27 19:23:27.178 [ForkJoinPool-1-worker-2] INFO  ServerReceiver - Пришло сообщение от клиента: 
2022-06-27 19:23:27.179 [pool-5-thread-1] INFO  CollectionManager - Попытка пользователя авторизироваться
2022-06-27 19:23:27.185 [pool-5-thread-1] INFO  database.DBAuthorize - Пользователь  успешно вошел в систему
2022-06-27 19:25:27.833 [ForkJoinPool-1-worker-3] INFO  ServerReceiver - Пришло сообщение от клиента: 
2022-06-27 19:25:27.834 [pool-6-thread-1] INFO  CollectionManager - Попытка пользователя авторизироваться
2022-06-27 19:25:27.840 [pool-6-thread-1] INFO  database.DBAuthorize - Пользователь  успешно вошел в систему
2022-06-27 22:35:44.082 [JavaFX Application Thread] INFO  Controllers.ClientSender - Отправка команды серверу
2022-06-27 22:35:44.086 [JavaFX Application Thread] INFO  Controllers.ClientReceiver - Клиент получает сообщение: 
2022-06-27 22:35:44.100 [ForkJoinPool-1-worker-1] INFO  ServerReceiver - Пришло сообщение от клиента: 
2022-06-27 22:35:44.108 [pool-3-thread-1] INFO  CollectionManager - Попытка пользователя авторизироваться
2022-06-27 22:35:44.121 [pool-3-thread-1] INFO  database.DBAuthorize - Пользователь  успешно вошел в систему
