2022-06-16 13:27:54.341 [JavaFX Application Thread] INFO  Controllers.ClientSender - Отправка команды серверу
2022-06-16 13:27:54.346 [JavaFX Application Thread] INFO  Controllers.ClientReceiver - Клиент получает сообщение: 
2022-06-16 13:28:38.567 [JavaFX Application Thread] INFO  Controllers.ClientSender - Отправка команды серверу
2022-06-16 13:28:38.567 [JavaFX Application Thread] INFO  Controllers.ClientReceiver - Клиент получает сообщение: 
2022-06-16 13:29:13.450 [JavaFX Application Thread] INFO  Controllers.ClientSender - Отправка команды серверу
2022-06-16 13:29:13.454 [JavaFX Application Thread] INFO  Controllers.ClientReceiver - Клиент получает сообщение: 
2022-06-16 13:29:56.465 [JavaFX Application Thread] INFO  Controllers.ClientSender - Отправка команды серверу
2022-06-16 13:29:56.469 [JavaFX Application Thread] INFO  Controllers.ClientReceiver - Клиент получает сообщение: 
2022-06-16 13:32:26.778 [JavaFX Application Thread] INFO  Controllers.ClientSender - Отправка команды серверу
2022-06-16 13:32:26.783 [JavaFX Application Thread] INFO  Controllers.ClientReceiver - Клиент получает сообщение: 
2022-06-16 13:32:57.186 [JavaFX Application Thread] INFO  Controllers.ClientSender - Отправка команды серверу
2022-06-16 13:32:57.186 [JavaFX Application Thread] INFO  Controllers.ClientReceiver - Клиент получает сообщение: 
2022-06-16 13:39:31.268 [JavaFX Application Thread] INFO  Controllers.ClientSender - Отправка команды серверу
2022-06-16 13:39:31.272 [JavaFX Application Thread] INFO  Controllers.ClientReceiver - Клиент получает сообщение: 
2022-06-16 13:40:00.770 [JavaFX Application Thread] INFO  Controllers.ClientSender - Отправка команды серверу
2022-06-16 13:40:00.770 [JavaFX Application Thread] INFO  Controllers.ClientReceiver - Клиент получает сообщение: 
2022-06-16 13:28:38.586 [ForkJoinPool-1-worker-1] INFO  ServerReceiver - Пришло сообщение от клиента: 
2022-06-16 13:28:38.592 [pool-3-thread-1] INFO  CollectionManager - Попытка пользователя авторизироваться
2022-06-16 13:28:38.604 [pool-3-thread-1] INFO  database.DBAuthorize - Пользователь  успешно вошел в систему
2022-06-16 13:29:13.446 [ForkJoinPool-1-worker-2] INFO  ServerReceiver - Пришло сообщение от клиента: 
2022-06-16 13:29:13.447 [pool-4-thread-1] INFO  CollectionManager - Попытка пользователя авторизироваться
2022-06-16 13:29:13.455 [pool-4-thread-1] INFO  database.DBAuthorize - Пользователь  успешно вошел в систему
2022-06-16 13:29:56.461 [ForkJoinPool-1-worker-3] INFO  ServerReceiver - Пришло сообщение от клиента: 
2022-06-16 13:29:56.462 [pool-5-thread-1] INFO  CollectionManager - Попытка пользователя авторизироваться
2022-06-16 13:29:56.468 [pool-5-thread-1] INFO  database.DBAuthorize - Пользователь  успешно вошел в систему
2022-06-16 13:32:26.773 [ForkJoinPool-1-worker-4] INFO  ServerReceiver - Пришло сообщение от клиента: 
2022-06-16 13:32:26.774 [pool-6-thread-1] INFO  CollectionManager - Попытка пользователя авторизироваться
2022-06-16 13:32:26.781 [pool-6-thread-1] INFO  database.DBAuthorize - Пользователь  успешно вошел в систему
2022-06-16 13:32:57.195 [ForkJoinPool-1-worker-5] INFO  ServerReceiver - Пришло сообщение от клиента: 
2022-06-16 13:32:57.234 [pool-7-thread-1] INFO  CollectionManager - Команда add успешно выполнена!
2022-06-16 13:39:31.265 [ForkJoinPool-1-worker-6] INFO  ServerReceiver - Пришло сообщение от клиента: 
2022-06-16 13:39:31.266 [pool-8-thread-1] INFO  CollectionManager - Попытка пользователя авторизироваться
2022-06-16 13:39:31.273 [pool-8-thread-1] INFO  database.DBAuthorize - Пользователь  успешно вошел в систему
2022-06-16 13:40:00.772 [ForkJoinPool-1-worker-7] INFO  ServerReceiver - Пришло сообщение от клиента: 
2022-06-16 13:40:00.819 [pool-9-thread-1] INFO  CollectionManager - Команда add успешно выполнена!
2022-06-16 13:48:09.689 [ForkJoinPool-1-worker-0] INFO  ServerReceiver - Пришло сообщение от клиента: 
2022-06-16 13:48:09.690 [pool-10-thread-1] INFO  CollectionManager - Попытка пользователя авторизироваться
2022-06-16 13:48:09.695 [pool-10-thread-1] INFO  database.DBAuthorize - Пользователь  успешно вошел в систему
2022-06-16 13:48:34.261 [ForkJoinPool-1-worker-1] INFO  ServerReceiver - Пришло сообщение от клиента: 
2022-06-16 13:48:34.339 [pool-11-thread-1] INFO  CollectionManager - Команда add успешно выполнена!
2022-06-16 16:06:17.055 [ForkJoinPool-1-worker-2] INFO  ServerReceiver - Пришло сообщение от клиента: 
2022-06-16 16:06:17.057 [pool-12-thread-1] INFO  CollectionManager - Команда add успешно выполнена!
2022-06-16 16:07:39.291 [ForkJoinPool-1-worker-3] INFO  ServerReceiver - Пришло сообщение от клиента: 
2022-06-16 16:15:14.850 [pool-13-thread-1] INFO  CollectionManager - Команда add успешно выполнена!
2022-06-16 13:48:09.692 [JavaFX Application Thread] INFO  Controllers.ClientSender - Отправка команды серверу
2022-06-16 13:48:09.697 [JavaFX Application Thread] INFO  Controllers.ClientReceiver - Клиент получает сообщение: 
2022-06-16 13:48:34.258 [JavaFX Application Thread] INFO  Controllers.ClientSender - Отправка команды серверу
2022-06-16 13:48:34.258 [JavaFX Application Thread] INFO  Controllers.ClientReceiver - Клиент получает сообщение: 
2022-06-16 16:06:17.053 [JavaFX Application Thread] INFO  Controllers.ClientSender - Отправка команды серверу
2022-06-16 16:06:17.053 [JavaFX Application Thread] INFO  Controllers.ClientReceiver - Клиент получает сообщение: 
2022-06-16 16:07:39.289 [JavaFX Application Thread] INFO  Controllers.ClientSender - Отправка команды серверу
2022-06-16 16:07:39.289 [JavaFX Application Thread] INFO  Controllers.ClientReceiver - Клиент получает сообщение: 
2022-06-16 16:50:30.019 [ForkJoinPool-1-worker-1] INFO  ServerReceiver - Пришло сообщение от клиента: 
2022-06-16 16:50:30.025 [pool-3-thread-1] INFO  CollectionManager - Попытка пользователя авторизироваться
2022-06-16 16:50:43.838 [ForkJoinPool-1-worker-1] INFO  ServerReceiver - Пришло сообщение от клиента: 
2022-06-16 16:50:43.838 [pool-4-thread-1] INFO  CollectionManager - Попытка пользователя авторизироваться
2022-06-16 16:50:49.184 [pool-3-thread-1] ERROR database.DBAuthorize - Проблемы с базой данных
2022-06-16 16:50:49.184 [pool-4-thread-1] ERROR database.DBAuthorize - Проблемы с базой данных
2022-06-16 16:50:30.003 [JavaFX Application Thread] INFO  Controllers.ClientSender - Отправка команды серверу
2022-06-16 16:50:30.006 [JavaFX Application Thread] INFO  Controllers.ClientReceiver - Клиент получает сообщение: 
2022-06-16 16:50:43.837 [JavaFX Application Thread] INFO  Controllers.ClientSender - Отправка команды серверу
2022-06-16 16:50:43.837 [JavaFX Application Thread] INFO  Controllers.ClientReceiver - Клиент получает сообщение: 
2022-06-16 16:51:11.754 [JavaFX Application Thread] INFO  Controllers.ClientSender - Отправка команды серверу
2022-06-16 16:51:11.755 [JavaFX Application Thread] INFO  Controllers.ClientReceiver - Клиент получает сообщение: 
2022-06-16 16:51:15.877 [JavaFX Application Thread] INFO  Controllers.ClientSender - Отправка команды серверу
2022-06-16 16:51:15.877 [JavaFX Application Thread] INFO  Controllers.ClientReceiver - Клиент получает сообщение: 
2022-06-16 16:51:24.465 [JavaFX Application Thread] INFO  Controllers.ClientSender - Отправка команды серверу
2022-06-16 16:51:24.466 [JavaFX Application Thread] INFO  Controllers.ClientReceiver - Клиент получает сообщение: 
2022-06-16 16:51:36.541 [JavaFX Application Thread] INFO  Controllers.ClientSender - Отправка команды серверу
2022-06-16 16:51:36.541 [JavaFX Application Thread] INFO  Controllers.ClientReceiver - Клиент получает сообщение: 
2022-06-16 16:52:52.563 [JavaFX Application Thread] INFO  Controllers.ClientSender - Отправка команды серверу
2022-06-16 16:52:52.567 [JavaFX Application Thread] INFO  Controllers.ClientReceiver - Клиент получает сообщение: 
2022-06-16 16:53:03.054 [JavaFX Application Thread] INFO  Controllers.ClientSender - Отправка команды серверу
2022-06-16 16:53:03.054 [JavaFX Application Thread] INFO  Controllers.ClientReceiver - Клиент получает сообщение: 
2022-06-16 17:01:26.608 [JavaFX Application Thread] INFO  Controllers.ClientSender - Отправка команды серверу
2022-06-16 17:01:26.612 [JavaFX Application Thread] INFO  Controllers.ClientReceiver - Клиент получает сообщение: 
2022-06-16 17:02:03.161 [JavaFX Application Thread] INFO  Controllers.ClientSender - Отправка команды серверу
2022-06-16 17:02:03.161 [JavaFX Application Thread] INFO  Controllers.ClientReceiver - Клиент получает сообщение: 
2022-06-16 17:04:00.327 [JavaFX Application Thread] INFO  Controllers.ClientSender - Отправка команды серверу
2022-06-16 17:04:00.331 [JavaFX Application Thread] INFO  Controllers.ClientReceiver - Клиент получает сообщение: 
2022-06-16 17:04:10.847 [JavaFX Application Thread] INFO  Controllers.ClientSender - Отправка команды серверу
2022-06-16 17:04:10.847 [JavaFX Application Thread] INFO  Controllers.ClientReceiver - Клиент получает сообщение: 
2022-06-16 17:04:52.392 [JavaFX Application Thread] INFO  Controllers.ClientSender - Отправка команды серверу
2022-06-16 17:04:52.392 [JavaFX Application Thread] INFO  Controllers.ClientReceiver - Клиент получает сообщение: 
2022-06-16 17:06:07.531 [JavaFX Application Thread] INFO  Controllers.ClientSender - Отправка команды серверу
2022-06-16 17:06:07.536 [JavaFX Application Thread] INFO  Controllers.ClientReceiver - Клиент получает сообщение: 
2022-06-16 17:06:15.807 [JavaFX Application Thread] INFO  Controllers.ClientSender - Отправка команды серверу
2022-06-16 17:06:15.807 [JavaFX Application Thread] INFO  Controllers.ClientReceiver - Клиент получает сообщение: 
2022-06-16 17:06:45.976 [JavaFX Application Thread] INFO  Controllers.ClientSender - Отправка команды серверу
2022-06-16 17:06:45.981 [JavaFX Application Thread] INFO  Controllers.ClientReceiver - Клиент получает сообщение: 
2022-06-16 17:06:58.210 [JavaFX Application Thread] INFO  Controllers.ClientSender - Отправка команды серверу
2022-06-16 17:06:58.210 [JavaFX Application Thread] INFO  Controllers.ClientReceiver - Клиент получает сообщение: 
2022-06-16 17:08:38.852 [JavaFX Application Thread] INFO  Controllers.ClientSender - Отправка команды серверу
2022-06-16 17:08:38.858 [JavaFX Application Thread] INFO  Controllers.ClientReceiver - Клиент получает сообщение: 
2022-06-16 17:08:46.304 [JavaFX Application Thread] INFO  Controllers.ClientSender - Отправка команды серверу
2022-06-16 17:08:46.304 [JavaFX Application Thread] INFO  Controllers.ClientReceiver - Клиент получает сообщение: 
2022-06-16 17:13:23.968 [JavaFX Application Thread] INFO  Controllers.ClientSender - Отправка команды серверу
2022-06-16 17:13:23.968 [JavaFX Application Thread] INFO  Controllers.ClientReceiver - Клиент получает сообщение: 
2022-06-16 17:13:35.838 [JavaFX Application Thread] INFO  Controllers.ClientSender - Отправка команды серверу
2022-06-16 17:13:35.839 [JavaFX Application Thread] INFO  Controllers.ClientReceiver - Клиент получает сообщение: 
2022-06-16 17:13:54.452 [JavaFX Application Thread] INFO  Controllers.ClientSender - Отправка команды серверу
2022-06-16 17:13:54.452 [JavaFX Application Thread] INFO  Controllers.ClientReceiver - Клиент получает сообщение: 
2022-06-16 17:14:11.698 [JavaFX Application Thread] INFO  Controllers.ClientSender - Отправка команды серверу
2022-06-16 17:14:11.699 [JavaFX Application Thread] INFO  Controllers.ClientReceiver - Клиент получает сообщение: 
2022-06-16 17:14:16.922 [JavaFX Application Thread] INFO  Controllers.ClientSender - Отправка команды серверу
2022-06-16 17:14:16.922 [JavaFX Application Thread] INFO  Controllers.ClientReceiver - Клиент получает сообщение: 
2022-06-16 16:51:24.489 [ForkJoinPool-1-worker-1] INFO  ServerReceiver - Пришло сообщение от клиента: 
2022-06-16 16:51:24.496 [pool-3-thread-1] INFO  CollectionManager - Попытка пользователя авторизироваться
2022-06-16 16:51:24.507 [pool-3-thread-1] INFO  database.DBAuthorize - Пользователь  успешно вошел в систему
2022-06-16 16:51:36.543 [ForkJoinPool-1-worker-1] INFO  ServerReceiver - Пришло сообщение от клиента: 
2022-06-16 16:51:36.651 [pool-4-thread-1] INFO  CollectionManager - Команда remove_by_id успешно выполнена!
2022-06-16 16:52:52.560 [ForkJoinPool-1-worker-2] INFO  ServerReceiver - Пришло сообщение от клиента: 
2022-06-16 16:52:52.561 [pool-5-thread-1] INFO  CollectionManager - Попытка пользователя авторизироваться
2022-06-16 16:52:52.568 [pool-5-thread-1] INFO  database.DBAuthorize - Пользователь  успешно вошел в систему
2022-06-16 16:53:03.056 [ForkJoinPool-1-worker-2] INFO  ServerReceiver - Пришло сообщение от клиента: 
2022-06-16 16:53:03.057 [pool-6-thread-1] INFO  CollectionManager - Команда filter_greater_than_type успешно выполнена!
2022-06-16 17:01:26.604 [ForkJoinPool-1-worker-3] INFO  ServerReceiver - Пришло сообщение от клиента: 
2022-06-16 17:01:26.614 [pool-7-thread-1] INFO  CollectionManager - Попытка пользователя авторизироваться
2022-06-16 17:01:26.620 [pool-7-thread-1] INFO  database.DBAuthorize - Пользователь  успешно вошел в систему
2022-06-16 17:02:03.162 [ForkJoinPool-1-worker-4] INFO  ServerReceiver - Пришло сообщение от клиента: 
2022-06-16 17:02:03.164 [pool-8-thread-1] INFO  CollectionManager - Команда filter_greater_than_type успешно выполнена!
2022-06-16 17:04:00.322 [ForkJoinPool-1-worker-5] INFO  ServerReceiver - Пришло сообщение от клиента: 
2022-06-16 17:04:00.324 [pool-9-thread-1] INFO  CollectionManager - Попытка пользователя авторизироваться
2022-06-16 17:04:00.330 [pool-9-thread-1] INFO  database.DBAuthorize - Пользователь  успешно вошел в систему
2022-06-16 17:04:10.848 [ForkJoinPool-1-worker-5] INFO  ServerReceiver - Пришло сообщение от клиента: 
2022-06-16 17:04:10.849 [pool-10-thread-1] INFO  CollectionManager - Команда filter_greater_than_type успешно выполнена!
2022-06-16 17:04:52.394 [ForkJoinPool-1-worker-6] INFO  ServerReceiver - Пришло сообщение от клиента: 
2022-06-16 17:04:52.395 [pool-11-thread-1] INFO  CollectionManager - Команда filter_greater_than_type успешно выполнена!
2022-06-16 17:06:07.528 [ForkJoinPool-1-worker-7] INFO  ServerReceiver - Пришло сообщение от клиента: 
2022-06-16 17:06:07.529 [pool-12-thread-1] INFO  CollectionManager - Попытка пользователя авторизироваться
2022-06-16 17:06:07.536 [pool-12-thread-1] INFO  database.DBAuthorize - Пользователь  успешно вошел в систему
2022-06-16 17:06:15.808 [ForkJoinPool-1-worker-7] INFO  ServerReceiver - Пришло сообщение от клиента: 
2022-06-16 17:06:15.809 [pool-13-thread-1] INFO  CollectionManager - Команда filter_greater_than_type успешно выполнена!
2022-06-16 17:06:45.972 [ForkJoinPool-1-worker-0] INFO  ServerReceiver - Пришло сообщение от клиента: 
2022-06-16 17:06:45.973 [pool-14-thread-1] INFO  CollectionManager - Попытка пользователя авторизироваться
2022-06-16 17:06:45.979 [pool-14-thread-1] INFO  database.DBAuthorize - Пользователь  успешно вошел в систему
2022-06-16 17:06:58.210 [ForkJoinPool-1-worker-0] INFO  ServerReceiver - Пришло сообщение от клиента: 
2022-06-16 17:06:58.211 [pool-15-thread-1] INFO  CollectionManager - Команда filter_greater_than_type успешно выполнена!
2022-06-16 17:08:38.848 [ForkJoinPool-1-worker-1] INFO  ServerReceiver - Пришло сообщение от клиента: 
2022-06-16 17:08:38.848 [pool-16-thread-1] INFO  CollectionManager - Попытка пользователя авторизироваться
2022-06-16 17:08:38.855 [pool-16-thread-1] INFO  database.DBAuthorize - Пользователь  успешно вошел в систему
2022-06-16 17:08:46.305 [ForkJoinPool-1-worker-1] INFO  ServerReceiver - Пришло сообщение от клиента: 
2022-06-16 17:08:46.306 [pool-17-thread-1] INFO  CollectionManager - Команда filter_greater_than_type успешно выполнена!
2022-06-16 17:13:23.970 [ForkJoinPool-1-worker-2] INFO  ServerReceiver - Пришло сообщение от клиента: 
2022-06-16 17:13:23.981 [pool-18-thread-1] INFO  CollectionManager - Команда clear успешно выполнена!
2022-06-16 17:13:35.839 [ForkJoinPool-1-worker-2] INFO  ServerReceiver - Пришло сообщение от клиента: 
2022-06-16 17:13:35.858 [pool-19-thread-1] INFO  CollectionManager - Команда remove_by_id успешно выполнена!
2022-06-16 17:13:54.454 [ForkJoinPool-1-worker-3] INFO  ServerReceiver - Пришло сообщение от клиента: 
2022-06-16 17:13:54.455 [pool-20-thread-1] INFO  CollectionManager - Команда print_field_descending_type успешно отправлена!
2022-06-16 17:14:11.700 [ForkJoinPool-1-worker-4] INFO  ServerReceiver - Пришло сообщение от клиента: 
2022-06-16 17:14:11.701 [pool-21-thread-1] INFO  CollectionManager - Команда filter_contains_name успешно выполнена!
2022-06-16 17:14:16.922 [ForkJoinPool-1-worker-4] INFO  ServerReceiver - Пришло сообщение от клиента: 
2022-06-16 17:14:16.923 [pool-22-thread-1] INFO  CollectionManager - Команда filter_contains_name успешно выполнена!
2022-06-16 18:09:27.590 [ForkJoinPool-1-worker-5] INFO  ServerReceiver - Пришло сообщение от клиента: 
2022-06-16 18:09:27.596 [pool-23-thread-1] INFO  CollectionManager - Попытка пользователя авторизироваться
2022-06-16 18:09:27.573 [JavaFX Application Thread] INFO  Controllers.ClientSender - Отправка команды серверу
2022-06-16 18:09:27.577 [JavaFX Application Thread] INFO  Controllers.ClientReceiver - Клиент получает сообщение: 
2022-06-16 18:09:46.961 [JavaFX Application Thread] INFO  Controllers.ClientSender - Отправка команды серверу
2022-06-16 18:09:46.961 [JavaFX Application Thread] INFO  Controllers.ClientReceiver - Клиент получает сообщение: 
2022-06-16 18:09:54.417 [JavaFX Application Thread] INFO  Controllers.ClientSender - Отправка команды серверу
2022-06-16 18:09:54.417 [JavaFX Application Thread] INFO  Controllers.ClientReceiver - Клиент получает сообщение: 
2022-06-16 18:10:45.828 [JavaFX Application Thread] INFO  Controllers.ClientSender - Отправка команды серверу
2022-06-16 18:10:45.832 [JavaFX Application Thread] INFO  Controllers.ClientReceiver - Клиент получает сообщение: 
2022-06-16 18:12:07.203 [JavaFX Application Thread] INFO  Controllers.ClientSender - Отправка команды серверу
2022-06-16 18:12:07.208 [JavaFX Application Thread] INFO  Controllers.ClientReceiver - Клиент получает сообщение: 
2022-06-16 18:12:20.357 [JavaFX Application Thread] INFO  Controllers.ClientSender - Отправка команды серверу
2022-06-16 18:12:20.358 [JavaFX Application Thread] INFO  Controllers.ClientReceiver - Клиент получает сообщение: 
2022-06-16 18:14:48.083 [JavaFX Application Thread] INFO  Controllers.ClientSender - Отправка команды серверу
2022-06-16 18:14:48.087 [JavaFX Application Thread] INFO  Controllers.ClientReceiver - Клиент получает сообщение: 
2022-06-16 18:18:13.632 [JavaFX Application Thread] INFO  Controllers.ClientSender - Отправка команды серверу
2022-06-16 18:18:13.638 [JavaFX Application Thread] INFO  Controllers.ClientReceiver - Клиент получает сообщение: 
2022-06-16 18:18:56.272 [JavaFX Application Thread] INFO  Controllers.ClientSender - Отправка команды серверу
2022-06-16 18:18:56.272 [JavaFX Application Thread] INFO  Controllers.ClientReceiver - Клиент получает сообщение: 
2022-06-16 18:09:46.980 [ForkJoinPool-1-worker-1] INFO  ServerReceiver - Пришло сообщение от клиента: 
2022-06-16 18:09:46.986 [pool-3-thread-1] INFO  CollectionManager - Попытка пользователя авторизироваться
2022-06-16 18:09:46.997 [pool-3-thread-1] INFO  database.DBAuthorize - Пользователь  успешно вошел в систему
2022-06-16 18:09:54.418 [ForkJoinPool-1-worker-1] INFO  ServerReceiver - Пришло сообщение от клиента: 
2022-06-16 18:09:54.431 [pool-4-thread-1] INFO  CollectionManager - Команда clear успешно выполнена!
2022-06-16 18:10:45.823 [ForkJoinPool-1-worker-2] INFO  ServerReceiver - Пришло сообщение от клиента: 
2022-06-16 18:10:45.824 [pool-5-thread-1] INFO  CollectionManager - Попытка пользователя авторизироваться
2022-06-16 18:10:45.833 [pool-5-thread-1] INFO  database.DBAuthorize - Пользователь  успешно вошел в систему
2022-06-16 18:12:07.197 [ForkJoinPool-1-worker-3] INFO  ServerReceiver - Пришло сообщение от клиента: 
2022-06-16 18:12:07.198 [pool-6-thread-1] INFO  CollectionManager - Попытка пользователя авторизироваться
2022-06-16 18:12:07.210 [pool-6-thread-1] INFO  database.DBAuthorize - Пользователь  успешно вошел в систему
2022-06-16 18:12:20.366 [ForkJoinPool-1-worker-3] INFO  ServerReceiver - Пришло сообщение от клиента: 
2022-06-16 18:12:20.427 [pool-7-thread-1] INFO  CollectionManager - Команда add успешно выполнена!
2022-06-16 18:14:48.079 [ForkJoinPool-1-worker-4] INFO  ServerReceiver - Пришло сообщение от клиента: 
2022-06-16 18:14:48.080 [pool-8-thread-1] INFO  CollectionManager - Попытка пользователя авторизироваться
2022-06-16 18:14:48.087 [pool-8-thread-1] INFO  database.DBAuthorize - Пользователь  успешно вошел в систему
2022-06-16 18:18:13.627 [ForkJoinPool-1-worker-5] INFO  ServerReceiver - Пришло сообщение от клиента: 
2022-06-16 18:18:13.629 [pool-9-thread-1] INFO  CollectionManager - Попытка пользователя авторизироваться
2022-06-16 18:18:13.635 [pool-9-thread-1] INFO  database.DBAuthorize - Пользователь  успешно вошел в систему
2022-06-16 18:18:56.275 [ForkJoinPool-1-worker-6] INFO  ServerReceiver - Пришло сообщение от клиента: 
2022-06-16 18:18:56.399 [pool-10-thread-1] INFO  CollectionManager - Команда add успешно выполнена!
2022-06-16 18:27:24.992 [ForkJoinPool-1-worker-7] INFO  ServerReceiver - Пришло сообщение от клиента: 
2022-06-16 18:27:24.993 [pool-11-thread-1] INFO  CollectionManager - Попытка пользователя авторизироваться
2022-06-16 18:27:24.994 [JavaFX Application Thread] INFO  Controllers.ClientSender - Отправка команды серверу
2022-06-16 18:27:24.999 [JavaFX Application Thread] INFO  Controllers.ClientReceiver - Клиент получает сообщение: 
2022-06-16 18:27:44.325 [JavaFX Application Thread] INFO  Controllers.ClientSender - Отправка команды серверу
2022-06-16 18:27:44.325 [JavaFX Application Thread] INFO  Controllers.ClientReceiver - Клиент получает сообщение: 
2022-06-16 18:27:51.478 [JavaFX Application Thread] INFO  Controllers.ClientSender - Отправка команды серверу
2022-06-16 18:27:51.479 [JavaFX Application Thread] INFO  Controllers.ClientReceiver - Клиент получает сообщение: 
2022-06-16 18:28:12.683 [JavaFX Application Thread] INFO  Controllers.ClientSender - Отправка команды серверу
2022-06-16 18:28:12.687 [JavaFX Application Thread] INFO  Controllers.ClientReceiver - Клиент получает сообщение: 
2022-06-16 18:29:26.604 [JavaFX Application Thread] INFO  Controllers.ClientSender - Отправка команды серверу
2022-06-16 18:29:26.608 [JavaFX Application Thread] INFO  Controllers.ClientReceiver - Клиент получает сообщение: 
2022-06-16 18:30:47.252 [JavaFX Application Thread] INFO  Controllers.ClientSender - Отправка команды серверу
2022-06-16 18:30:47.258 [JavaFX Application Thread] INFO  Controllers.ClientReceiver - Клиент получает сообщение: 
2022-06-16 18:32:47.566 [JavaFX Application Thread] INFO  Controllers.ClientSender - Отправка команды серверу
2022-06-16 18:32:47.570 [JavaFX Application Thread] INFO  Controllers.ClientReceiver - Клиент получает сообщение: 
2022-06-16 18:34:18.744 [JavaFX Application Thread] INFO  Controllers.ClientSender - Отправка команды серверу
2022-06-16 18:34:18.750 [JavaFX Application Thread] INFO  Controllers.ClientReceiver - Клиент получает сообщение: 
2022-06-16 18:35:33.937 [JavaFX Application Thread] INFO  Controllers.ClientSender - Отправка команды серверу
2022-06-16 18:35:33.941 [JavaFX Application Thread] INFO  Controllers.ClientReceiver - Клиент получает сообщение: 
2022-06-16 18:35:46.906 [JavaFX Application Thread] INFO  Controllers.ClientSender - Отправка команды серверу
2022-06-16 18:35:46.907 [JavaFX Application Thread] INFO  Controllers.ClientReceiver - Клиент получает сообщение: 
2022-06-16 18:37:11.628 [JavaFX Application Thread] INFO  Controllers.ClientSender - Отправка команды серверу
2022-06-16 18:37:11.633 [JavaFX Application Thread] INFO  Controllers.ClientReceiver - Клиент получает сообщение: 
2022-06-16 18:27:44.343 [ForkJoinPool-1-worker-1] INFO  ServerReceiver - Пришло сообщение от клиента: 
2022-06-16 18:27:44.350 [pool-3-thread-1] INFO  CollectionManager - Попытка пользователя авторизироваться
2022-06-16 18:27:44.371 [pool-3-thread-1] INFO  database.DBAuthorize - Пользователь  успешно вошел в систему
2022-06-16 18:27:51.479 [ForkJoinPool-1-worker-1] INFO  ServerReceiver - Пришло сообщение от клиента: 
2022-06-16 18:27:51.480 [pool-4-thread-1] INFO  CollectionManager - Попытка пользователя авторизироваться
2022-06-16 18:27:51.486 [pool-4-thread-1] INFO  database.DBAuthorize - Пользователь  успешно вошел в систему
2022-06-16 18:28:12.679 [ForkJoinPool-1-worker-2] INFO  ServerReceiver - Пришло сообщение от клиента: 
2022-06-16 18:28:12.680 [pool-5-thread-1] INFO  CollectionManager - Попытка пользователя авторизироваться
2022-06-16 18:28:12.687 [pool-5-thread-1] INFO  database.DBAuthorize - Пользователь  успешно вошел в систему
2022-06-16 18:29:26.600 [ForkJoinPool-1-worker-3] INFO  ServerReceiver - Пришло сообщение от клиента: 
2022-06-16 18:29:26.601 [pool-6-thread-1] INFO  CollectionManager - Попытка пользователя авторизироваться
2022-06-16 18:29:26.607 [pool-6-thread-1] INFO  database.DBAuthorize - Пользователь  успешно вошел в систему
2022-06-16 18:30:47.257 [ForkJoinPool-1-worker-4] INFO  ServerReceiver - Пришло сообщение от клиента: 
2022-06-16 18:30:47.258 [pool-7-thread-1] INFO  CollectionManager - Попытка пользователя авторизироваться
2022-06-16 18:30:47.263 [pool-7-thread-1] INFO  database.DBAuthorize - Пользователь  успешно вошел в систему
2022-06-16 18:32:47.562 [ForkJoinPool-1-worker-5] INFO  ServerReceiver - Пришло сообщение от клиента: 
2022-06-16 18:32:47.564 [pool-8-thread-1] INFO  CollectionManager - Попытка пользователя авторизироваться
2022-06-16 18:32:47.570 [pool-8-thread-1] INFO  database.DBAuthorize - Пользователь  успешно вошел в систему
2022-06-16 18:34:18.739 [ForkJoinPool-1-worker-6] INFO  ServerReceiver - Пришло сообщение от клиента: 
2022-06-16 18:34:18.740 [pool-9-thread-1] INFO  CollectionManager - Попытка пользователя авторизироваться
2022-06-16 18:34:18.755 [pool-9-thread-1] INFO  database.DBAuthorize - Пользователь  успешно вошел в систему
2022-06-16 18:35:33.932 [ForkJoinPool-1-worker-7] INFO  ServerReceiver - Пришло сообщение от клиента: 
2022-06-16 18:35:33.933 [pool-10-thread-1] INFO  CollectionManager - Попытка пользователя авторизироваться
2022-06-16 18:35:33.940 [pool-10-thread-1] INFO  database.DBAuthorize - Пользователь  успешно вошел в систему
2022-06-16 18:35:46.908 [ForkJoinPool-1-worker-7] INFO  ServerReceiver - Пришло сообщение от клиента: 
2022-06-16 18:37:11.625 [ForkJoinPool-1-worker-0] INFO  ServerReceiver - Пришло сообщение от клиента: 
2022-06-16 18:37:11.626 [pool-12-thread-1] INFO  CollectionManager - Попытка пользователя авторизироваться
2022-06-16 18:37:11.634 [pool-12-thread-1] INFO  database.DBAuthorize - Пользователь  успешно вошел в систему
2022-06-16 18:38:42.582 [ForkJoinPool-1-worker-1] INFO  ServerReceiver - Пришло сообщение от клиента: 
2022-06-16 18:38:42.583 [pool-13-thread-1] INFO  CollectionManager - Попытка пользователя авторизироваться
2022-06-16 18:38:42.590 [pool-13-thread-1] INFO  database.DBAuthorize - Пользователь  успешно вошел в систему
2022-06-16 18:39:23.215 [ForkJoinPool-1-worker-2] INFO  ServerReceiver - Пришло сообщение от клиента: 
2022-06-16 18:38:42.585 [JavaFX Application Thread] INFO  Controllers.ClientSender - Отправка команды серверу
2022-06-16 18:38:42.589 [JavaFX Application Thread] INFO  Controllers.ClientReceiver - Клиент получает сообщение: 
2022-06-16 18:39:23.209 [JavaFX Application Thread] INFO  Controllers.ClientSender - Отправка команды серверу
2022-06-16 18:39:23.209 [JavaFX Application Thread] INFO  Controllers.ClientReceiver - Клиент получает сообщение: 
2022-06-16 18:41:11.180 [ForkJoinPool-1-worker-1] INFO  ServerReceiver - Пришло сообщение от клиента: 
2022-06-16 18:41:11.186 [pool-3-thread-1] INFO  CollectionManager - Попытка пользователя авторизироваться
2022-06-16 18:41:11.196 [pool-3-thread-1] INFO  database.DBAuthorize - Пользователь  успешно вошел в систему
2022-06-16 18:41:28.471 [ForkJoinPool-1-worker-2] INFO  ServerReceiver - Пришло сообщение от клиента: 
2022-06-16 18:41:28.604 [pool-4-thread-1] INFO  CollectionManager - Команда update успешно выполнена!
2022-06-16 18:41:58.028 [ForkJoinPool-1-worker-3] INFO  ServerReceiver - Пришло сообщение от клиента: 
2022-06-16 18:41:58.146 [pool-5-thread-1] INFO  CollectionManager - Команда remove_lower успешно выполнена!
2022-06-16 18:42:31.439 [ForkJoinPool-1-worker-4] INFO  ServerReceiver - Пришло сообщение от клиента: 
2022-06-16 18:42:31.450 [pool-6-thread-1] INFO  CollectionManager - Команда add_if_min успешно выполнена!
2022-06-16 18:41:11.164 [JavaFX Application Thread] INFO  Controllers.ClientSender - Отправка команды серверу
2022-06-16 18:41:11.169 [JavaFX Application Thread] INFO  Controllers.ClientReceiver - Клиент получает сообщение: 
2022-06-16 18:41:28.465 [JavaFX Application Thread] INFO  Controllers.ClientSender - Отправка команды серверу
2022-06-16 18:41:28.465 [JavaFX Application Thread] INFO  Controllers.ClientReceiver - Клиент получает сообщение: 
2022-06-16 18:41:58.024 [JavaFX Application Thread] INFO  Controllers.ClientSender - Отправка команды серверу
2022-06-16 18:41:58.024 [JavaFX Application Thread] INFO  Controllers.ClientReceiver - Клиент получает сообщение: 
2022-06-16 18:42:31.435 [JavaFX Application Thread] INFO  Controllers.ClientSender - Отправка команды серверу
2022-06-16 18:42:31.436 [JavaFX Application Thread] INFO  Controllers.ClientReceiver - Клиент получает сообщение: 
2022-06-16 18:44:16.479 [JavaFX Application Thread] INFO  Controllers.ClientSender - Отправка команды серверу
2022-06-16 18:44:16.483 [JavaFX Application Thread] INFO  Controllers.ClientReceiver - Клиент получает сообщение: 
2022-06-16 18:44:32.638 [JavaFX Application Thread] INFO  Controllers.ClientSender - Отправка команды серверу
2022-06-16 18:44:32.638 [JavaFX Application Thread] INFO  Controllers.ClientReceiver - Клиент получает сообщение: 
2022-06-16 18:44:38.192 [JavaFX Application Thread] INFO  Controllers.ClientSender - Отправка команды серверу
2022-06-16 18:44:38.192 [JavaFX Application Thread] INFO  Controllers.ClientReceiver - Клиент получает сообщение: 
2022-06-16 18:44:54.564 [JavaFX Application Thread] INFO  Controllers.ClientSender - Отправка команды серверу
2022-06-16 18:44:54.565 [JavaFX Application Thread] INFO  Controllers.ClientReceiver - Клиент получает сообщение: 
2022-06-16 18:47:38.819 [JavaFX Application Thread] INFO  Controllers.ClientSender - Отправка команды серверу
2022-06-16 18:47:38.819 [JavaFX Application Thread] INFO  Controllers.ClientReceiver - Клиент получает сообщение: 
2022-06-16 18:47:47.266 [JavaFX Application Thread] INFO  Controllers.ClientSender - Отправка команды серверу
2022-06-16 18:47:47.266 [JavaFX Application Thread] INFO  Controllers.ClientReceiver - Клиент получает сообщение: 
2022-06-16 18:47:52.173 [JavaFX Application Thread] INFO  Controllers.ClientSender - Отправка команды серверу
2022-06-16 18:47:52.174 [JavaFX Application Thread] INFO  Controllers.ClientReceiver - Клиент получает сообщение: 
2022-06-16 18:49:11.024 [JavaFX Application Thread] INFO  Controllers.ClientSender - Отправка команды серверу
2022-06-16 18:49:11.029 [JavaFX Application Thread] INFO  Controllers.ClientReceiver - Клиент получает сообщение: 
2022-06-16 18:49:33.614 [JavaFX Application Thread] INFO  Controllers.ClientSender - Отправка команды серверу
2022-06-16 18:49:33.614 [JavaFX Application Thread] INFO  Controllers.ClientReceiver - Клиент получает сообщение: 
2022-06-16 18:49:56.882 [JavaFX Application Thread] INFO  Controllers.ClientSender - Отправка команды серверу
2022-06-16 18:49:56.886 [JavaFX Application Thread] INFO  Controllers.ClientReceiver - Клиент получает сообщение: 
2022-06-16 18:50:14.292 [JavaFX Application Thread] INFO  Controllers.ClientSender - Отправка команды серверу
2022-06-16 18:50:14.292 [JavaFX Application Thread] INFO  Controllers.ClientReceiver - Клиент получает сообщение: 
2022-06-16 18:50:36.594 [JavaFX Application Thread] INFO  Controllers.ClientSender - Отправка команды серверу
2022-06-16 18:50:36.594 [JavaFX Application Thread] INFO  Controllers.ClientReceiver - Клиент получает сообщение: 
2022-06-16 18:51:07.498 [JavaFX Application Thread] INFO  Controllers.ClientSender - Отправка команды серверу
2022-06-16 18:51:07.498 [JavaFX Application Thread] INFO  Controllers.ClientReceiver - Клиент получает сообщение: 
2022-06-16 18:51:59.064 [JavaFX Application Thread] INFO  Controllers.ClientSender - Отправка команды серверу
2022-06-16 18:51:59.065 [JavaFX Application Thread] INFO  Controllers.ClientReceiver - Клиент получает сообщение: 
2022-06-16 18:52:08.283 [JavaFX Application Thread] INFO  Controllers.ClientSender - Отправка команды серверу
2022-06-16 18:52:08.283 [JavaFX Application Thread] INFO  Controllers.ClientReceiver - Клиент получает сообщение: 
2022-06-16 18:55:03.784 [JavaFX Application Thread] INFO  Controllers.ClientSender - Отправка команды серверу
2022-06-16 18:55:03.788 [JavaFX Application Thread] INFO  Controllers.ClientReceiver - Клиент получает сообщение: 
2022-06-16 18:58:45.922 [JavaFX Application Thread] INFO  Controllers.ClientSender - Отправка команды серверу
2022-06-16 18:58:45.926 [JavaFX Application Thread] INFO  Controllers.ClientReceiver - Клиент получает сообщение: 
2022-06-16 19:00:31.915 [JavaFX Application Thread] INFO  Controllers.ClientSender - Отправка команды серверу
2022-06-16 19:00:31.918 [JavaFX Application Thread] INFO  Controllers.ClientReceiver - Клиент получает сообщение: 
2022-06-16 18:44:16.495 [ForkJoinPool-1-worker-1] INFO  ServerReceiver - Пришло сообщение от клиента: 
2022-06-16 18:44:16.501 [pool-3-thread-1] INFO  CollectionManager - Попытка пользователя авторизироваться
2022-06-16 18:44:16.510 [pool-3-thread-1] INFO  database.DBAuthorize - Пользователь  успешно вошел в систему
2022-06-16 18:44:32.646 [ForkJoinPool-1-worker-2] INFO  ServerReceiver - Пришло сообщение от клиента: 
2022-06-16 18:44:32.767 [pool-4-thread-1] INFO  CollectionManager - Команда add_if_min успешно выполнена!
2022-06-16 18:44:38.194 [ForkJoinPool-1-worker-2] INFO  ServerReceiver - Пришло сообщение от клиента: 
2022-06-16 18:44:38.304 [pool-5-thread-1] INFO  CollectionManager - Команда clear успешно выполнена!
2022-06-16 18:44:54.568 [ForkJoinPool-1-worker-3] INFO  ServerReceiver - Пришло сообщение от клиента: 
2022-06-16 18:44:54.580 [pool-6-thread-1] INFO  CollectionManager - Команда update успешно выполнена!
2022-06-16 18:47:38.831 [ForkJoinPool-1-worker-4] INFO  ServerReceiver - Пришло сообщение от клиента: 
2022-06-16 18:47:38.841 [pool-7-thread-1] INFO  CollectionManager - Команда update успешно выполнена!
2022-06-16 18:47:47.267 [ForkJoinPool-1-worker-4] INFO  ServerReceiver - Пришло сообщение от клиента: 
2022-06-16 18:47:47.278 [pool-8-thread-1] INFO  CollectionManager - Команда update успешно выполнена!
2022-06-16 18:47:52.175 [ForkJoinPool-1-worker-4] INFO  ServerReceiver - Пришло сообщение от клиента: 
2022-06-16 18:47:52.185 [pool-9-thread-1] INFO  CollectionManager - Команда update успешно выполнена!
2022-06-16 18:49:11.020 [ForkJoinPool-1-worker-5] INFO  ServerReceiver - Пришло сообщение от клиента: 
2022-06-16 18:49:11.021 [pool-10-thread-1] INFO  CollectionManager - Попытка пользователя авторизироваться
2022-06-16 18:49:11.027 [pool-10-thread-1] INFO  database.DBAuthorize - Пользователь  успешно вошел в систему
2022-06-16 18:49:33.622 [ForkJoinPool-1-worker-6] INFO  ServerReceiver - Пришло сообщение от клиента: 
2022-06-16 18:49:33.632 [pool-11-thread-1] INFO  CollectionManager - Команда update успешно выполнена!
2022-06-16 18:49:56.878 [ForkJoinPool-1-worker-7] INFO  ServerReceiver - Пришло сообщение от клиента: 
2022-06-16 18:49:56.879 [pool-12-thread-1] INFO  CollectionManager - Попытка пользователя авторизироваться
2022-06-16 18:49:56.886 [pool-12-thread-1] INFO  database.DBAuthorize - Пользователь  успешно вошел в систему
2022-06-16 18:50:14.295 [ForkJoinPool-1-worker-0] INFO  ServerReceiver - Пришло сообщение от клиента: 
2022-06-16 18:50:14.379 [pool-13-thread-1] INFO  CollectionManager - Команда add успешно выполнена!
2022-06-16 18:50:36.596 [ForkJoinPool-1-worker-1] INFO  ServerReceiver - Пришло сообщение от клиента: 
2022-06-16 18:50:36.727 [pool-14-thread-1] INFO  CollectionManager - Команда update успешно выполнена!
2022-06-16 18:51:07.499 [ForkJoinPool-1-worker-2] INFO  ServerReceiver - Пришло сообщение от клиента: 
2022-06-16 18:51:07.522 [pool-15-thread-1] INFO  CollectionManager - Команда update успешно выполнена!
2022-06-16 18:51:59.066 [ForkJoinPool-1-worker-3] INFO  ServerReceiver - Пришло сообщение от клиента: 
2022-06-16 18:51:59.187 [pool-16-thread-1] INFO  CollectionManager - Команда update успешно выполнена!
2022-06-16 18:52:08.283 [ForkJoinPool-1-worker-3] INFO  ServerReceiver - Пришло сообщение от клиента: 
2022-06-16 18:52:08.302 [pool-17-thread-1] INFO  CollectionManager - Команда update успешно выполнена!
2022-06-16 18:55:03.780 [ForkJoinPool-1-worker-4] INFO  ServerReceiver - Пришло сообщение от клиента: 
2022-06-16 18:55:03.781 [pool-18-thread-1] INFO  CollectionManager - Попытка пользователя авторизироваться
2022-06-16 18:55:03.790 [pool-18-thread-1] INFO  database.DBAuthorize - Пользователь  успешно вошел в систему
2022-06-16 18:58:45.918 [ForkJoinPool-1-worker-5] INFO  ServerReceiver - Пришло сообщение от клиента: 
2022-06-16 18:58:45.919 [pool-19-thread-1] INFO  CollectionManager - Попытка пользователя авторизироваться
2022-06-16 18:58:45.927 [pool-19-thread-1] INFO  database.DBAuthorize - Пользователь  успешно вошел в систему
2022-06-16 19:00:31.911 [ForkJoinPool-1-worker-6] INFO  ServerReceiver - Пришло сообщение от клиента: 
2022-06-16 19:00:31.912 [pool-20-thread-1] INFO  CollectionManager - Попытка пользователя авторизироваться
2022-06-16 19:00:31.919 [pool-20-thread-1] INFO  database.DBAuthorize - Пользователь  успешно вошел в систему
2022-06-16 23:29:36.484 [JavaFX Application Thread] INFO  Controllers.ClientSender - Отправка команды серверу
2022-06-16 23:29:36.488 [JavaFX Application Thread] INFO  Controllers.ClientReceiver - Клиент получает сообщение: 
2022-06-16 23:30:12.565 [JavaFX Application Thread] INFO  Controllers.ClientSender - Отправка команды серверу
2022-06-16 23:30:12.565 [JavaFX Application Thread] INFO  Controllers.ClientReceiver - Клиент получает сообщение: 
2022-06-16 23:31:03.862 [JavaFX Application Thread] INFO  Controllers.ClientSender - Отправка команды серверу
2022-06-16 23:31:03.866 [JavaFX Application Thread] INFO  Controllers.ClientReceiver - Клиент получает сообщение: 
2022-06-16 23:31:43.224 [JavaFX Application Thread] INFO  Controllers.ClientSender - Отправка команды серверу
2022-06-16 23:31:43.228 [JavaFX Application Thread] INFO  Controllers.ClientReceiver - Клиент получает сообщение: 
2022-06-16 23:32:16.509 [JavaFX Application Thread] INFO  Controllers.ClientSender - Отправка команды серверу
2022-06-16 23:32:16.513 [JavaFX Application Thread] INFO  Controllers.ClientReceiver - Клиент получает сообщение: 
2022-06-16 23:48:54.254 [JavaFX Application Thread] INFO  Controllers.ClientSender - Отправка команды серверу
2022-06-16 23:48:54.257 [JavaFX Application Thread] INFO  Controllers.ClientReceiver - Клиент получает сообщение: 
2022-06-16 23:52:49.518 [JavaFX Application Thread] INFO  Controllers.ClientSender - Отправка команды серверу
2022-06-16 23:52:49.522 [JavaFX Application Thread] INFO  Controllers.ClientReceiver - Клиент получает сообщение: 
2022-06-16 23:53:15.802 [JavaFX Application Thread] INFO  Controllers.ClientSender - Отправка команды серверу
2022-06-16 23:53:15.806 [JavaFX Application Thread] INFO  Controllers.ClientReceiver - Клиент получает сообщение: 
2022-06-16 23:58:01.403 [JavaFX Application Thread] INFO  Controllers.ClientSender - Отправка команды серверу
2022-06-16 23:58:01.407 [JavaFX Application Thread] INFO  Controllers.ClientReceiver - Клиент получает сообщение: 
2022-06-16 23:30:12.581 [ForkJoinPool-1-worker-1] INFO  ServerReceiver - Пришло сообщение от клиента: 
2022-06-16 23:30:12.581 [pool-3-thread-1] INFO  CollectionManager - Попытка пользователя авторизироваться
2022-06-16 23:30:12.596 [pool-3-thread-1] INFO  database.DBAuthorize - Пользователь  успешно вошел в систему
2022-06-16 23:31:03.859 [ForkJoinPool-1-worker-2] INFO  ServerReceiver - Пришло сообщение от клиента: 
2022-06-16 23:31:03.860 [pool-4-thread-1] INFO  CollectionManager - Попытка пользователя авторизироваться
2022-06-16 23:31:03.865 [pool-4-thread-1] INFO  database.DBAuthorize - Пользователь  успешно вошел в систему
2022-06-16 23:31:43.221 [ForkJoinPool-1-worker-3] INFO  ServerReceiver - Пришло сообщение от клиента: 
2022-06-16 23:31:43.222 [pool-5-thread-1] INFO  CollectionManager - Попытка пользователя авторизироваться
2022-06-16 23:31:43.229 [pool-5-thread-1] INFO  database.DBAuthorize - Пользователь  успешно вошел в систему
2022-06-16 23:32:16.505 [ForkJoinPool-1-worker-4] INFO  ServerReceiver - Пришло сообщение от клиента: 
2022-06-16 23:32:16.506 [pool-6-thread-1] INFO  CollectionManager - Попытка пользователя авторизироваться
2022-06-16 23:32:16.512 [pool-6-thread-1] INFO  database.DBAuthorize - Пользователь  успешно вошел в систему
2022-06-16 23:48:54.251 [ForkJoinPool-1-worker-5] INFO  ServerReceiver - Пришло сообщение от клиента: 
2022-06-16 23:48:54.252 [pool-7-thread-1] INFO  CollectionManager - Попытка пользователя авторизироваться
2022-06-16 23:48:54.258 [pool-7-thread-1] INFO  database.DBAuthorize - Пользователь  успешно вошел в систему
2022-06-16 23:52:49.514 [ForkJoinPool-1-worker-6] INFO  ServerReceiver - Пришло сообщение от клиента: 
2022-06-16 23:52:49.515 [pool-8-thread-1] INFO  CollectionManager - Попытка пользователя авторизироваться
2022-06-16 23:52:49.521 [pool-8-thread-1] INFO  database.DBAuthorize - Пользователь  успешно вошел в систему
2022-06-16 23:53:15.799 [ForkJoinPool-1-worker-7] INFO  ServerReceiver - Пришло сообщение от клиента: 
2022-06-16 23:53:15.800 [pool-9-thread-1] INFO  CollectionManager - Попытка пользователя авторизироваться
2022-06-16 23:53:15.812 [pool-9-thread-1] INFO  database.DBAuthorize - Пользователь  успешно вошел в систему
2022-06-16 23:58:01.400 [ForkJoinPool-1-worker-0] INFO  ServerReceiver - Пришло сообщение от клиента: 
2022-06-16 23:58:01.401 [pool-10-thread-1] INFO  CollectionManager - Попытка пользователя авторизироваться
2022-06-16 23:58:01.408 [pool-10-thread-1] INFO  database.DBAuthorize - Пользователь  успешно вошел в систему
2022-06-17 00:03:59.939 [ForkJoinPool-1-worker-1] INFO  ServerReceiver - Пришло сообщение от клиента: 
2022-06-17 00:03:59.940 [pool-11-thread-1] INFO  CollectionManager - Попытка пользователя авторизироваться
2022-06-17 00:03:59.946 [pool-11-thread-1] INFO  database.DBAuthorize - Пользователь  успешно вошел в систему
2022-06-17 00:04:30.981 [ForkJoinPool-1-worker-2] INFO  ServerReceiver - Пришло сообщение от клиента: 
2022-06-17 00:04:31.086 [pool-12-thread-1] INFO  CollectionManager - Команда update успешно выполнена!
2022-06-17 00:50:12.025 [ForkJoinPool-1-worker-3] INFO  ServerReceiver - Пришло сообщение от клиента: 
2022-06-17 00:50:12.025 [pool-13-thread-1] INFO  CollectionManager - Попытка пользователя авторизироваться
2022-06-17 00:50:12.041 [pool-13-thread-1] INFO  database.DBAuthorize - Пользователь  успешно вошел в систему
2022-06-17 00:50:46.639 [ForkJoinPool-1-worker-4] INFO  ServerReceiver - Пришло сообщение от клиента: 
2022-06-17 00:50:46.640 [pool-14-thread-1] INFO  CollectionManager - Попытка пользователя авторизироваться
2022-06-17 00:50:46.646 [pool-14-thread-1] INFO  database.DBAuthorize - Пользователь  успешно вошел в систему
2022-06-17 01:05:33.386 [ForkJoinPool-1-worker-5] INFO  ServerReceiver - Пришло сообщение от клиента: 
2022-06-17 01:05:33.387 [pool-15-thread-1] INFO  CollectionManager - Попытка пользователя авторизироваться
2022-06-17 01:05:33.395 [pool-15-thread-1] INFO  database.DBAuthorize - Пользователь  успешно вошел в систему
2022-06-17 01:07:34.877 [ForkJoinPool-1-worker-6] INFO  ServerReceiver - Пришло сообщение от клиента: 
2022-06-17 01:07:34.878 [pool-16-thread-1] INFO  CollectionManager - Попытка пользователя авторизироваться
2022-06-17 01:07:34.884 [pool-16-thread-1] INFO  database.DBAuthorize - Пользователь  успешно вошел в систему
2022-06-17 01:08:04.374 [ForkJoinPool-1-worker-7] INFO  ServerReceiver - Пришло сообщение от клиента: 
2022-06-17 01:08:04.486 [pool-17-thread-1] INFO  CollectionManager - Команда update успешно выполнена!
2022-06-17 01:08:25.779 [ForkJoinPool-1-worker-0] INFO  ServerReceiver - Пришло сообщение от клиента: 
2022-06-17 01:08:25.881 [pool-18-thread-1] INFO  CollectionManager - Команда update успешно выполнена!
2022-06-17 01:09:00.684 [ForkJoinPool-1-worker-1] INFO  ServerReceiver - Пришло сообщение от клиента: 
2022-06-17 01:09:00.685 [pool-19-thread-1] INFO  CollectionManager - Попытка пользователя авторизироваться
2022-06-17 01:09:00.691 [pool-19-thread-1] INFO  database.DBAuthorize - Пользователь  успешно вошел в систему
2022-06-17 01:09:54.773 [ForkJoinPool-1-worker-2] INFO  ServerReceiver - Пришло сообщение от клиента: 
2022-06-17 01:09:54.774 [pool-20-thread-1] INFO  CollectionManager - Попытка пользователя авторизироваться
2022-06-17 01:09:54.780 [pool-20-thread-1] INFO  database.DBAuthorize - Пользователь  успешно вошел в систему
2022-06-17 01:23:42.775 [ForkJoinPool-1-worker-3] INFO  ServerReceiver - Пришло сообщение от клиента: 
2022-06-17 01:23:42.777 [pool-21-thread-1] INFO  CollectionManager - Попытка пользователя авторизироваться
2022-06-17 01:23:42.784 [pool-21-thread-1] INFO  database.DBAuthorize - Пользователь  успешно вошел в систему
2022-06-17 01:24:11.603 [ForkJoinPool-1-worker-4] INFO  ServerReceiver - Пришло сообщение от клиента: 
2022-06-17 01:24:11.704 [pool-22-thread-1] INFO  CollectionManager - Команда update успешно выполнена!
2022-06-17 01:25:27.572 [ForkJoinPool-1-worker-5] INFO  ServerReceiver - Пришло сообщение от клиента: 
2022-06-17 01:25:27.572 [pool-23-thread-1] INFO  CollectionManager - Попытка пользователя авторизироваться
2022-06-17 01:25:27.580 [pool-23-thread-1] INFO  database.DBAuthorize - Пользователь  успешно вошел в систему
2022-06-17 01:31:49.576 [ForkJoinPool-1-worker-6] INFO  ServerReceiver - Пришло сообщение от клиента: 
2022-06-17 01:31:49.